Compiling build :development to "resources/public/js/main.js" from ["src"]...
[31mFailed to compile build :development from ["src"] in 0.194 seconds.[0m
[36m----  Could not Analyze  src/go/core.cljs   line:1  column:1  ----[0m

  [1mOnly :refer-clojure, :require, :require-macros, :use, :use-macros, and :import libspecs supported. Got (:gen-class) instead. at line 1 src/go/core.cljs[0m

  [33m1[0m  [1m(ns go.core[0m
  [0m [0m  [33m^--- Only :refer-clojure, :require, :require-macros, :use, :use-macros, and :import libspecs supported. Got (:gen-class) instead. at line 1 src/go/core.cljs[0m
  [36m2[0m  [36m  (:gen-class)[0m
  [36m3[0m  [36m  (:require [go.draw.core :as draw][0m
  [36m4[0m  [36m            [go.game-engine :as game]))[0m

[36m----  Analysis Error : Please see src/go/core.cljs  ----[0m
Compiling build :development to "resources/public/js/main.js" from ["src"]...
[31mFailed to compile build :development from ["src"] in 0.19 seconds.[0m
[36m----  Could not Analyze  src/go/core.cljs   line:1  column:1  ----[0m

  [1mOnly :refer-clojure, :require, :require-macros, :use, :use-macros, and :import libspecs supported. Got (:gen-class) instead. at line 1 src/go/core.cljs[0m

  [33m1[0m  [1m(ns go.core[0m
  [0m [0m  [33m^--- Only :refer-clojure, :require, :require-macros, :use, :use-macros, and :import libspecs supported. Got (:gen-class) instead. at line 1 src/go/core.cljs[0m
  [36m2[0m  [36m  (:gen-class)[0m
  [36m3[0m  [36m  (:require [go.draw.core :as draw][0m
  [36m4[0m  [36m            [go.game-engine :as game]))[0m

[36m----  Analysis Error : Please see src/go/core.cljs  ----[0m
Compiling build :development to "resources/public/js/main.js" from ["src"]...
[31mFailed to compile build :development from ["src"] in 0.185 seconds.[0m
[36m----  Could not Analyze  src/go/core.cljs   line:1  column:1  ----[0m

  [1mOnly :refer-clojure, :require, :require-macros, :use, :use-macros, and :import libspecs supported. Got (:gen-class) instead. at line 1 src/go/core.cljs[0m

  [33m1[0m  [1m(ns go.core[0m
  [0m [0m  [33m^--- Only :refer-clojure, :require, :require-macros, :use, :use-macros, and :import libspecs supported. Got (:gen-class) instead. at line 1 src/go/core.cljs[0m
  [36m2[0m  [36m  (:gen-class)[0m
  [36m3[0m  [36m  (:require [go.draw.core :as draw][0m
  [36m4[0m  [36m            [go.game-engine :as game]))[0m

[36m----  Analysis Error : Please see src/go/core.cljs  ----[0m
Compiling build :development to "resources/public/js/main.js" from ["src"]...
[32mSuccessfully compiled build :development to "resources/public/js/main.js" in 1.063 seconds.[0m
notifying browser that file changed:  resources/public/js/development/goog/deps.js
notifying browser that file changed:  resources/public/js/development/cljs_deps.js
notifying browser that file changed:  resources/public/js/development/go/core.js
Compiling build :development to "resources/public/js/main.js" from ["src"]...
[32mSuccessfully compiled build :development to "resources/public/js/main.js" in 0.455 seconds.[0m
notifying browser that file changed:  resources/public/js/development/go/core.js
Compiling build :development to "resources/public/js/main.js" from ["src"]...
[32mSuccessfully compiled build :development to "resources/public/js/main.js" in 1.391 seconds.[0m
notifying browser that file changed:  resources/public/js/development/goog/deps.js
notifying browser that file changed:  resources/public/js/development/cljs_deps.js
notifying browser that file changed:  resources/public/js/development/go/draw/core.js
Compiling build :development to "resources/public/js/main.js" from ["src"]...
[32mSuccessfully compiled build :development to "resources/public/js/main.js" in 0.619 seconds.[0m
notifying browser that file changed:  resources/public/js/development/go/draw/core.js
Compiling build :development to "resources/public/js/main.js" from ["src"]...
[32mSuccessfully compiled build :development to "resources/public/js/main.js" in 0.65 seconds.[0m
notifying browser that file changed:  resources/public/js/development/go/draw/core.js
